\BOOKMARK [1][-]{section.1}{\376\377\137\025\212\000}{}% 1
\BOOKMARK [2][-]{subsection.1.1}{\376\377\230\171\166\356\200\314\146\157}{section.1}% 2
\BOOKMARK [2][-]{subsection.1.2}{\376\377\116\073\211\201\176\323\147\234\151\202\211\310}{section.1}% 3
\BOOKMARK [2][-]{subsection.1.3}{\376\377\145\207\116\366\147\266\147\204}{section.1}% 4
\BOOKMARK [1][-]{section.2}{\376\377\213\301\146\016\166\204\150\070\137\303\226\276\160\271\116\016\164\366\230\210}{}% 5
\BOOKMARK [2][-]{subsection.2.1}{\376\377\227\136\153\143\137\017\213\301\146\016\116\016\137\142\137\017\123\026\116\113\225\364\166\204\236\077\154\237}{section.2}% 6
\BOOKMARK [2][-]{subsection.2.2}{\376\377\000-\116\343\145\160\150\074\143\250\164\006\166\204\137\142\137\017\123\026\215\037\142\305}{section.2}% 7
\BOOKMARK [2][-]{subsection.2.3}{\376\377\123\357\171\357\140\047\166\204\121\150\221\317\217\375\216\052}{section.2}% 8
\BOOKMARK [2][-]{subsection.2.4}{\376\377\147\037\147\033\134\102\227\142\166\204\116\015\173\111\137\017\143\250\164\006}{section.2}% 9
\BOOKMARK [1][-]{section.3}{\376\377\145\260\136\372\127\372\170\100\213\276\145\275\166\204\117\134\165\050\116\016\213\276\213\241}{}% 10
\BOOKMARK [2][-]{subsection.3.1}{\376\377\000S\000m\000o\000o\000t\000h\000D\000e\000s\000c\000e\000n\000t\000.\000l\000e\000a\000n\377\032\000L\000-\121\111\156\321\166\204\211\343\147\220\127\372\170\100\213\276\145\275}{section.3}% 11
\BOOKMARK [3][-]{subsubsection.3.1.1}{\376\377\200\314\146\157\377\032\000M\000a\000t\000h\000l\000i\000b\000\040\166\204\163\260\147\011\135\345\121\167\116\016\177\072\123\343}{subsection.3.1}% 12
\BOOKMARK [3][-]{subsubsection.3.1.2}{\376\377\133\232\164\006\000\040\0001\377\032\154\277\176\277\153\265\166\204\137\256\171\357\122\006\127\372\147\054\133\232\164\006}{subsection.3.1}% 13
\BOOKMARK [3][-]{subsubsection.3.1.3}{\376\377\133\232\164\006\000\040\0002\377\032\000L\000-\121\111\156\321\116\214\153\041\116\012\165\114}{subsection.3.1}% 14
\BOOKMARK [2][-]{subsection.3.2}{\376\377\000C\000o\000n\000v\000e\000x\000G\000r\000a\000d\000i\000e\000n\000t\000.\000l\000e\000a\000n\377\032\121\370\121\375\145\160\166\204\121\340\117\125\127\372\170\100\213\276\145\275}{section.3}% 15
\BOOKMARK [3][-]{subsubsection.3.2.1}{\376\377\200\314\146\157\377\032\131\032\176\364\121\370\116\000\226\066\147\141\116\366\166\204\177\072\131\061}{subsection.3.2}% 16
\BOOKMARK [3][-]{subsubsection.3.2.2}{\376\377\133\232\164\006\000\040\0003\377\032\121\370\121\375\145\160\166\204\116\000\226\066\147\141\116\366}{subsection.3.2}% 17
\BOOKMARK [3][-]{subsubsection.3.2.3}{\376\377\133\232\164\006\000\040\0004\377\032\137\072\121\370\121\375\145\160\166\204\116\000\226\066\147\141\116\366}{subsection.3.2}% 18
\BOOKMARK [3][-]{subsubsection.3.2.4}{\376\377\165\050\116\216\147\000\134\017\120\074\160\271\166\204\143\250\213\272}{subsection.3.2}% 19
\BOOKMARK [2][-]{subsection.3.3}{\376\377\000I\000n\000d\000e\000p\000E\000x\000p\000e\000c\000t\000.\000l\000e\000a\000n\377\032\155\113\136\246\213\272\155\361\136\246\147\000\131\047\166\204\220\350\122\006}{section.3}% 20
\BOOKMARK [3][-]{subsubsection.3.3.1}{\376\377\150\070\137\303\213\301\146\016\224\376}{subsection.3.3}% 21
\BOOKMARK [3][-]{subsubsection.3.3.2}{\376\377\133\232\164\006\000\040\0005\377\032\147\011\165\114\145\271\135\356\117\040\220\022}{subsection.3.3}% 22
\BOOKMARK [3][-]{subsubsection.3.3.3}{\376\377\133\232\164\006\000\040\0006\377\032\145\340\120\117\116\244\123\311\230\171\173\111\137\017}{subsection.3.3}% 23
\BOOKMARK [1][-]{section.4}{\376\377\213\301\146\016\166\204\116\073\211\201\140\035\215\357\116\016\176\317\121\170\145\271\154\325\133\371\153\324}{}% 24
\BOOKMARK [2][-]{subsection.4.1}{\376\377\176\317\121\170\000\040\000S\000G\000D\000\040\145\066\145\133\213\301\146\016\166\204\150\106\147\266}{section.4}% 25
\BOOKMARK [2][-]{subsection.4.2}{\376\377\227\136\121\370\140\305\137\142\166\204\133\214\145\164\213\301\146\016\224\376}{section.4}% 26
\BOOKMARK [2][-]{subsection.4.3}{\376\377\137\072\121\370\140\305\137\142\166\204\133\214\145\164\213\301\146\016\224\376}{section.4}% 27
\BOOKMARK [2][-]{subsection.4.4}{\376\377\116\016\227\136\153\143\137\017\213\301\146\016\166\204\116\073\211\201\135\356\137\002}{section.4}% 28
\BOOKMARK [1][-]{section.5}{\376\377\145\160\133\146\201\352\122\250\123\026\213\301\146\016\127\050\226\217\147\072\117\030\123\026\116\055\166\204\164\366\230\210}{}% 29
\BOOKMARK [2][-]{subsection.5.1}{\376\377\164\366\230\210\116\000\377\032\147\141\116\366\147\037\147\033\000\040\000A\000P\000I\000\040\166\204\177\072\131\061}{section.5}% 30
\BOOKMARK [2][-]{subsection.5.2}{\376\377\164\366\230\210\116\214\377\032\123\357\171\357\140\047\166\204\201\352\122\250\143\250\133\374}{section.5}% 31
\BOOKMARK [2][-]{subsection.5.3}{\376\377\164\366\230\210\116\011\377\032\147\037\147\033\116\015\173\111\137\017\166\204\000\040\000t\000a\000c\000t\000i\000c\000\040\145\057\143\001}{section.5}% 32
\BOOKMARK [2][-]{subsection.5.4}{\376\377\164\366\230\210\126\333\377\032\226\217\147\072\217\307\172\013\166\204\000\040\000d\000e\000f\000i\000n\000i\000t\000i\000o\000n\000a\000l\000\040\000e\000q\000u\000a\000l\000i\000t\000y\000\040\225\356\230\230}{section.5}% 33
\BOOKMARK [1][-]{section.6}{\376\377\000M\000a\000t\000h\000l\000i\000b\000\040\133\371\226\217\147\072\117\030\123\026\145\057\143\001\166\204\217\271\165\114}{}% 34
\BOOKMARK [2][-]{subsection.6.1}{\376\377\000M\000a\000t\000h\000l\000i\000b\000\040\135\362\147\011\166\204\135\345\121\167\377\010\123\357\166\364\143\245\117\177\165\050\377\011}{section.6}% 35
\BOOKMARK [2][-]{subsection.6.2}{\376\377\000M\000a\000t\000h\000l\000i\000b\000\040\177\072\131\061\166\204\135\345\121\167\377\010\147\054\230\171\166\356\201\352\136\372\377\011}{section.6}% 36
\BOOKMARK [2][-]{subsection.6.3}{\376\377\000M\000a\000t\000h\000l\000i\000b\000\040\166\204\155\361\134\102\217\271\165\114\122\006\147\220}{section.6}% 37
\BOOKMARK [3][-]{subsubsection.6.3.1}{\376\377\176\364\136\246\116\000\377\032\142\275\214\141\134\102\153\041\116\015\123\071\221\115}{subsection.6.3}% 38
\BOOKMARK [3][-]{subsubsection.6.3.2}{\376\377\176\364\136\246\116\214\377\032\226\217\147\072\217\307\172\013\164\006\213\272\166\204\134\100\226\120}{subsection.6.3}% 39
\BOOKMARK [3][-]{subsubsection.6.3.3}{\376\377\176\364\136\246\116\011\377\032\213\241\173\227\134\102\227\142\166\204\201\352\122\250\123\026}{subsection.6.3}% 40
\BOOKMARK [2][-]{subsection.6.4}{\376\377\147\052\147\145\135\345\117\134\166\204\217\271\165\114\116\016\134\125\147\033}{section.6}% 41
\BOOKMARK [1][-]{section.7}{\376\377\140\073\176\323}{}% 42
