{"synthetic": false,
 "schemaVersion": "2025-09-10",
 "outputs":
 {"o": ["5175f1e5c73df860.olean"],
  "i": "4c36d2d4b58bdcf8.ilean",
  "c": "784be272be65882c.c"},
 "log":
 [{"message":
   ".> LEAN_PATH=/root/SGD/SGD_APOLLO/ablation/apollo_only/workspace/.lake/packages/Cli/.lake/build/lib/lean:/root/SGD/SGD_APOLLO/ablation/apollo_only/workspace/.lake/packages/batteries/.lake/build/lib/lean:/root/SGD/SGD_APOLLO/ablation/apollo_only/workspace/.lake/packages/Qq/.lake/build/lib/lean:/root/SGD/SGD_APOLLO/ablation/apollo_only/workspace/.lake/packages/aesop/.lake/build/lib/lean:/root/SGD/SGD_APOLLO/ablation/apollo_only/workspace/.lake/packages/proofwidgets/.lake/build/lib/lean:/root/SGD/SGD_APOLLO/ablation/apollo_only/workspace/.lake/packages/importGraph/.lake/build/lib/lean:/root/SGD/SGD_APOLLO/ablation/apollo_only/workspace/.lake/packages/LeanSearchClient/.lake/build/lib/lean:/root/SGD/SGD_APOLLO/ablation/apollo_only/workspace/.lake/packages/plausible/.lake/build/lib/lean:/root/SGD/SGD_APOLLO/ablation/apollo_only/workspace/.lake/packages/mathlib/.lake/build/lib/lean:/root/SGD/SGD_cli_migration/.lake/build/lib/lean /root/.elan/toolchains/leanprover--lean4---v4.28.0/bin/lean /root/SGD/SGD_cli_migration/Lib/Layer1/StochasticDescent.lean -o /root/SGD/SGD_cli_migration/.lake/build/lib/lean/Lib/Layer1/StochasticDescent.olean -i /root/SGD/SGD_cli_migration/.lake/build/lib/lean/Lib/Layer1/StochasticDescent.ilean -c /root/SGD/SGD_cli_migration/.lake/build/ir/Lib/Layer1/StochasticDescent.c --setup /root/SGD/SGD_cli_migration/.lake/build/ir/Lib/Layer1/StochasticDescent.setup.json --json",
   "level": "trace"}],
 "inputs":
 [["Lib.Layer1.StochasticDescent:deps",
   [["deps",
     [["sgd/StochOptLib:extraDep", [["@sgd:extraDep", "00000000000006bb"]]],
      ["imports",
       [["Lib.Glue.Algebra transitive imports (legacy)", "32937ff426012c47"],
        ["Lib.Glue.Algebra:importAllArts", "1fb76525e5c5de93"],
        ["Lib.Layer0.GradientFTC transitive imports (legacy)",
         "78b185972b88d5f3"],
        ["Lib.Layer0.GradientFTC:importAllArts", "05bbf62ea2a01a8c"],
        ["Lib.Layer0.IndepExpect transitive imports (legacy)",
         "9d2db87a05007059"],
        ["Lib.Layer0.IndepExpect:importAllArts", "86babeb2f212bf9f"],
        ["Lib.Layer0.ConvexFOC transitive imports (legacy)",
         "70f2e63e30139790"],
        ["Lib.Layer0.ConvexFOC:importAllArts", "be223d7ae4b66bed"],
        ["Mathlib.Analysis.InnerProductSpace.Basic transitive imports (legacy)",
         "1b1fd5899bc67a2b"],
        ["Mathlib.Analysis.InnerProductSpace.Basic:importAllArts",
         "1bd1c6d38400c6a0"],
        ["Mathlib.MeasureTheory.Integral.Bochner.Basic transitive imports (legacy)",
         "7e91de4c9ca2aac0"],
        ["Mathlib.MeasureTheory.Integral.Bochner.Basic:importAllArts",
         "88452cf8e652d5ce"],
        ["Mathlib.Probability.Independence.Basic transitive imports (legacy)",
         "9e54503d995496a0"],
        ["Mathlib.Probability.Independence.Basic:importAllArts",
         "0b009d2fff59f02b"],
        ["Mathlib.Topology.MetricSpace.Lipschitz transitive imports (legacy)",
         "902101952c3336aa"],
        ["Mathlib.Topology.MetricSpace.Lipschitz:importAllArts",
         "b19abe7cc25d5321"],
        ["Mathlib.Data.NNReal.Defs transitive imports (legacy)",
         "62c4b5e9be504bd6"],
        ["Mathlib.Data.NNReal.Defs:importAllArts", "8f29164a6023f0d0"],
        ["Mathlib.Analysis.Calculus.Gradient.Basic transitive imports (legacy)",
         "bc0920aa2bf9fa90"],
        ["Mathlib.Analysis.Calculus.Gradient.Basic:importAllArts",
         "3905457a584aab07"],
        ["Mathlib.Analysis.Convex.Strong transitive imports (legacy)",
         "3271e7a3ad9cc7a4"],
        ["Mathlib.Analysis.Convex.Strong:importAllArts",
         "348a2e8897befeb1"]]]]],
    ["libs",
     [["import dynlibs", "00000000000006bb"],
      ["package external libraries", "00000000000006bb"],
      ["module dynlibs", "00000000000006bb"],
      ["module plugins", "00000000000006bb"]]]]],
  ["Lean 4.28.0, commit 7e01a1bf5c70fc6167d49c345d3bf80596e9a79b",
   "a96bc04a2e5e9630"],
  ["/root/SGD/SGD_cli_migration/Lib/Layer1/StochasticDescent.lean",
   "9e7635675507c4c4"],
  ["options", "00000000000006bb"],
  ["Module.leanArgs: #[]", "00000000000006bb"]],
 "depHash": "19082ab234f0094e"}