{"synthetic": false,
 "schemaVersion": "2025-09-10",
 "outputs":
 {"o": ["6a838b952473da6c.olean"],
  "i": "6182f20e37dc64ce.ilean",
  "c": "fff1387ef6437d83.c"},
 "log":
 [{"message":
   ".> LEAN_PATH=/root/SGD/SGD_APOLLO/ablation/apollo_only/workspace/.lake/packages/Cli/.lake/build/lib/lean:/root/SGD/SGD_APOLLO/ablation/apollo_only/workspace/.lake/packages/batteries/.lake/build/lib/lean:/root/SGD/SGD_APOLLO/ablation/apollo_only/workspace/.lake/packages/Qq/.lake/build/lib/lean:/root/SGD/SGD_APOLLO/ablation/apollo_only/workspace/.lake/packages/aesop/.lake/build/lib/lean:/root/SGD/SGD_APOLLO/ablation/apollo_only/workspace/.lake/packages/proofwidgets/.lake/build/lib/lean:/root/SGD/SGD_APOLLO/ablation/apollo_only/workspace/.lake/packages/importGraph/.lake/build/lib/lean:/root/SGD/SGD_APOLLO/ablation/apollo_only/workspace/.lake/packages/LeanSearchClient/.lake/build/lib/lean:/root/SGD/SGD_APOLLO/ablation/apollo_only/workspace/.lake/packages/plausible/.lake/build/lib/lean:/root/SGD/SGD_APOLLO/ablation/apollo_only/workspace/.lake/packages/mathlib/.lake/build/lib/lean:/root/SGD/research/bench_projects/subgrad_hybrid/.lake/build/lib/lean /root/.elan/toolchains/leanprover--lean4---v4.28.0/bin/lean /root/SGD/research/bench_projects/subgrad_hybrid/Lib/Layer0/ConvexFOC.lean -o /root/SGD/research/bench_projects/subgrad_hybrid/.lake/build/lib/lean/Lib/Layer0/ConvexFOC.olean -i /root/SGD/research/bench_projects/subgrad_hybrid/.lake/build/lib/lean/Lib/Layer0/ConvexFOC.ilean -c /root/SGD/research/bench_projects/subgrad_hybrid/.lake/build/ir/Lib/Layer0/ConvexFOC.c --setup /root/SGD/research/bench_projects/subgrad_hybrid/.lake/build/ir/Lib/Layer0/ConvexFOC.setup.json --json",
   "level": "trace"},
  {"message": "Lib/Layer0/ConvexFOC.lean:64:17: Try this:\n  [apply] abel_nf",
   "level": "info"},
  {"message":
   "Lib/Layer0/ConvexFOC.lean:190:13: `innerSL_apply` has been deprecated: Use `innerSL_apply_apply` instead",
   "level": "warning"}],
 "inputs":
 [["Lib.Layer0.ConvexFOC:deps",
   [["deps",
     [["sgd_apollo_ablation/StochOptLib:extraDep",
       [["@sgd_apollo_ablation:extraDep", "00000000000006bb"]]],
      ["imports",
       [["Lib.Layer0.GradientFTC transitive imports (legacy)",
         "78b185972b88d5f3"],
        ["Lib.Layer0.GradientFTC:importAllArts", "05bbf62ea2a01a8c"],
        ["Mathlib.Analysis.Convex.Deriv transitive imports (legacy)",
         "63eb144db8b6a275"],
        ["Mathlib.Analysis.Convex.Deriv:importAllArts", "61114cd66ca4fc0f"],
        ["Mathlib.Analysis.Convex.Strong transitive imports (legacy)",
         "3271e7a3ad9cc7a4"],
        ["Mathlib.Analysis.Convex.Strong:importAllArts", "348a2e8897befeb1"],
        ["Mathlib.LinearAlgebra.AffineSpace.AffineMap transitive imports (legacy)",
         "3029d6c31d65f3b2"],
        ["Mathlib.LinearAlgebra.AffineSpace.AffineMap:importAllArts",
         "2d02f2281305fe9d"],
        ["Mathlib.Analysis.InnerProductSpace.Calculus transitive imports (legacy)",
         "0bf6e73b6a64d38d"],
        ["Mathlib.Analysis.InnerProductSpace.Calculus:importAllArts",
         "6da634b60513298c"]]]]],
    ["libs",
     [["import dynlibs", "00000000000006bb"],
      ["package external libraries", "00000000000006bb"],
      ["module dynlibs", "00000000000006bb"],
      ["module plugins", "00000000000006bb"]]]]],
  ["Lean 4.28.0, commit 7e01a1bf5c70fc6167d49c345d3bf80596e9a79b",
   "a96bc04a2e5e9630"],
  ["/root/SGD/research/bench_projects/subgrad_hybrid/Lib/Layer0/ConvexFOC.lean",
   "164e9b1ceeaa7034"],
  ["options", "00000000000006bb"],
  ["Module.leanArgs: #[]", "00000000000006bb"]],
 "depHash": "7c3c7a246c623b4e"}