{"synthetic": false,
 "schemaVersion": "2025-09-10",
 "outputs":
 {"o": ["a9d624609bb3a598.olean"],
  "i": "f92f9ef834263221.ilean",
  "c": "f4c5451628b6d730.c"},
 "log":
 [{"message":
   ".> LEAN_PATH=/root/SGD/SGD_APOLLO/ablation/apollo_only/workspace/.lake/packages/Cli/.lake/build/lib/lean:/root/SGD/SGD_APOLLO/ablation/apollo_only/workspace/.lake/packages/batteries/.lake/build/lib/lean:/root/SGD/SGD_APOLLO/ablation/apollo_only/workspace/.lake/packages/Qq/.lake/build/lib/lean:/root/SGD/SGD_APOLLO/ablation/apollo_only/workspace/.lake/packages/aesop/.lake/build/lib/lean:/root/SGD/SGD_APOLLO/ablation/apollo_only/workspace/.lake/packages/proofwidgets/.lake/build/lib/lean:/root/SGD/SGD_APOLLO/ablation/apollo_only/workspace/.lake/packages/importGraph/.lake/build/lib/lean:/root/SGD/SGD_APOLLO/ablation/apollo_only/workspace/.lake/packages/LeanSearchClient/.lake/build/lib/lean:/root/SGD/SGD_APOLLO/ablation/apollo_only/workspace/.lake/packages/plausible/.lake/build/lib/lean:/root/SGD/SGD_APOLLO/ablation/apollo_only/workspace/.lake/packages/mathlib/.lake/build/lib/lean:/root/SGD/research/bench_projects/subgrad_hybrid/.lake/build/lib/lean /root/.elan/toolchains/leanprover--lean4---v4.28.0/bin/lean /root/SGD/research/bench_projects/subgrad_hybrid/Lib/Layer0/GradientFTC.lean -o /root/SGD/research/bench_projects/subgrad_hybrid/.lake/build/lib/lean/Lib/Layer0/GradientFTC.olean -i /root/SGD/research/bench_projects/subgrad_hybrid/.lake/build/lib/lean/Lib/Layer0/GradientFTC.ilean -c /root/SGD/research/bench_projects/subgrad_hybrid/.lake/build/ir/Lib/Layer0/GradientFTC.c --setup /root/SGD/research/bench_projects/subgrad_hybrid/.lake/build/ir/Lib/Layer0/GradientFTC.setup.json --json",
   "level": "trace"}],
 "inputs":
 [["Lib.Layer0.GradientFTC:deps",
   [["deps",
     [["sgd_apollo_ablation/StochOptLib:extraDep",
       [["@sgd_apollo_ablation:extraDep", "00000000000006bb"]]],
      ["imports",
       [["Lib.Glue.Calculus transitive imports (legacy)", "5536bc93b2bf1e28"],
        ["Lib.Glue.Calculus:importAllArts", "73430d8350e40328"],
        ["Mathlib.Topology.MetricSpace.Lipschitz transitive imports (legacy)",
         "902101952c3336aa"],
        ["Mathlib.Topology.MetricSpace.Lipschitz:importAllArts",
         "b19abe7cc25d5321"],
        ["Mathlib.Data.NNReal.Defs transitive imports (legacy)",
         "62c4b5e9be504bd6"],
        ["Mathlib.Data.NNReal.Defs:importAllArts", "8f29164a6023f0d0"]]]]],
    ["libs",
     [["import dynlibs", "00000000000006bb"],
      ["package external libraries", "00000000000006bb"],
      ["module dynlibs", "00000000000006bb"],
      ["module plugins", "00000000000006bb"]]]]],
  ["Lean 4.28.0, commit 7e01a1bf5c70fc6167d49c345d3bf80596e9a79b",
   "a96bc04a2e5e9630"],
  ["/root/SGD/research/bench_projects/subgrad_hybrid/Lib/Layer0/GradientFTC.lean",
   "536d33fa83a2b5bb"],
  ["options", "00000000000006bb"],
  ["Module.leanArgs: #[]", "00000000000006bb"]],
 "depHash": "c75024c4ad1f5e50"}