{"synthetic": false,
 "schemaVersion": "2025-09-10",
 "outputs":
 {"o": ["04cdb7b9b5034646.olean"],
  "i": "1fb7892b5bb461b9.ilean",
  "c": "2347d6c26c8b58ac.c"},
 "log":
 [{"message":
   ".> LEAN_PATH=/root/SGD/SGD_APOLLO/ablation/apollo_only/workspace/.lake/packages/Cli/.lake/build/lib/lean:/root/SGD/SGD_APOLLO/ablation/apollo_only/workspace/.lake/packages/batteries/.lake/build/lib/lean:/root/SGD/SGD_APOLLO/ablation/apollo_only/workspace/.lake/packages/Qq/.lake/build/lib/lean:/root/SGD/SGD_APOLLO/ablation/apollo_only/workspace/.lake/packages/aesop/.lake/build/lib/lean:/root/SGD/SGD_APOLLO/ablation/apollo_only/workspace/.lake/packages/proofwidgets/.lake/build/lib/lean:/root/SGD/SGD_APOLLO/ablation/apollo_only/workspace/.lake/packages/importGraph/.lake/build/lib/lean:/root/SGD/SGD_APOLLO/ablation/apollo_only/workspace/.lake/packages/LeanSearchClient/.lake/build/lib/lean:/root/SGD/SGD_APOLLO/ablation/apollo_only/workspace/.lake/packages/plausible/.lake/build/lib/lean:/root/SGD/SGD_APOLLO/ablation/apollo_only/workspace/.lake/packages/mathlib/.lake/build/lib/lean:/root/SGD/research/bench_projects/subgrad_baseline/.lake/build/lib/lean /root/.elan/toolchains/leanprover--lean4---v4.28.0/bin/lean /root/SGD/research/bench_projects/subgrad_baseline/Lib/Layer0/IndepExpect.lean -o /root/SGD/research/bench_projects/subgrad_baseline/.lake/build/lib/lean/Lib/Layer0/IndepExpect.olean -i /root/SGD/research/bench_projects/subgrad_baseline/.lake/build/lib/lean/Lib/Layer0/IndepExpect.ilean -c /root/SGD/research/bench_projects/subgrad_baseline/.lake/build/ir/Lib/Layer0/IndepExpect.c --setup /root/SGD/research/bench_projects/subgrad_baseline/.lake/build/ir/Lib/Layer0/IndepExpect.setup.json --json",
   "level": "trace"}],
 "inputs":
 [["Lib.Layer0.IndepExpect:deps",
   [["deps",
     [["sgd_apollo_ablation/StochOptLib:extraDep",
       [["@sgd_apollo_ablation:extraDep", "00000000000006bb"]]],
      ["imports",
       [["Mathlib.MeasureTheory.Integral.Bochner.Basic transitive imports (legacy)",
         "7e91de4c9ca2aac0"],
        ["Mathlib.MeasureTheory.Integral.Bochner.Basic:importAllArts",
         "88452cf8e652d5ce"],
        ["Mathlib.MeasureTheory.Integral.Prod transitive imports (legacy)",
         "39c7b11045f17c12"],
        ["Mathlib.MeasureTheory.Integral.Prod:importAllArts",
         "fdab6d71b15a935b"],
        ["Mathlib.MeasureTheory.Function.L2Space transitive imports (legacy)",
         "750a2decd665bbbe"],
        ["Mathlib.MeasureTheory.Function.L2Space:importAllArts",
         "efec7779bab1e8de"],
        ["Mathlib.Probability.Independence.Basic transitive imports (legacy)",
         "9e54503d995496a0"],
        ["Mathlib.Probability.Independence.Basic:importAllArts",
         "0b009d2fff59f02b"],
        ["Mathlib.Probability.IdentDistrib transitive imports (legacy)",
         "19ffb1a0ac43d1d6"],
        ["Mathlib.Probability.IdentDistrib:importAllArts", "507a6f7b95b690cf"],
        ["Mathlib.Analysis.InnerProductSpace.Basic transitive imports (legacy)",
         "1b1fd5899bc67a2b"],
        ["Mathlib.Analysis.InnerProductSpace.Basic:importAllArts",
         "1bd1c6d38400c6a0"]]]]],
    ["libs",
     [["import dynlibs", "00000000000006bb"],
      ["package external libraries", "00000000000006bb"],
      ["module dynlibs", "00000000000006bb"],
      ["module plugins", "00000000000006bb"]]]]],
  ["Lean 4.28.0, commit 7e01a1bf5c70fc6167d49c345d3bf80596e9a79b",
   "a96bc04a2e5e9630"],
  ["/root/SGD/research/bench_projects/subgrad_baseline/Lib/Layer0/IndepExpect.lean",
   "3ee3adb95a17c68d"],
  ["options", "00000000000006bb"],
  ["Module.leanArgs: #[]", "00000000000006bb"]],
 "depHash": "de0c5661053d21c7"}