{"synthetic": false,
 "schemaVersion": "2025-09-10",
 "outputs":
 {"o": ["c8c91491a2b1287d.olean"],
  "i": "552355fd2413b6c2.ilean",
  "c": "2fd18d80d96aae54.c"},
 "log":
 [{"message":
   ".> LEAN_PATH=/root/SGD/SGD_APOLLO/ablation/apollo_only/workspace/.lake/packages/Cli/.lake/build/lib/lean:/root/SGD/SGD_APOLLO/ablation/apollo_only/workspace/.lake/packages/batteries/.lake/build/lib/lean:/root/SGD/SGD_APOLLO/ablation/apollo_only/workspace/.lake/packages/Qq/.lake/build/lib/lean:/root/SGD/SGD_APOLLO/ablation/apollo_only/workspace/.lake/packages/aesop/.lake/build/lib/lean:/root/SGD/SGD_APOLLO/ablation/apollo_only/workspace/.lake/packages/proofwidgets/.lake/build/lib/lean:/root/SGD/SGD_APOLLO/ablation/apollo_only/workspace/.lake/packages/importGraph/.lake/build/lib/lean:/root/SGD/SGD_APOLLO/ablation/apollo_only/workspace/.lake/packages/LeanSearchClient/.lake/build/lib/lean:/root/SGD/SGD_APOLLO/ablation/apollo_only/workspace/.lake/packages/plausible/.lake/build/lib/lean:/root/SGD/SGD_APOLLO/ablation/apollo_only/workspace/.lake/packages/mathlib/.lake/build/lib/lean:/root/SGD/research/bench_projects/subgrad_baseline/.lake/build/lib/lean /root/.elan/toolchains/leanprover--lean4---v4.28.0/bin/lean /root/SGD/research/bench_projects/subgrad_baseline/Lib/Glue/Algebra.lean -o /root/SGD/research/bench_projects/subgrad_baseline/.lake/build/lib/lean/Lib/Glue/Algebra.olean -i /root/SGD/research/bench_projects/subgrad_baseline/.lake/build/lib/lean/Lib/Glue/Algebra.ilean -c /root/SGD/research/bench_projects/subgrad_baseline/.lake/build/ir/Lib/Glue/Algebra.c --setup /root/SGD/research/bench_projects/subgrad_baseline/.lake/build/ir/Lib/Glue/Algebra.setup.json --json",
   "level": "trace"},
  {"message":
   "Lib/Glue/Algebra.lean:78:0: automatically included section variable(s) unused in theorem `proj_nonexp_sq`:\n  [InnerProductSpace ℝ E]\nconsider restructuring your `variable` declarations so that the variables are not in scope or explicitly omit them:\n  omit [InnerProductSpace ℝ E] in theorem ...\n\nNote: This linter can be disabled with `set_option linter.unusedSectionVars false`",
   "level": "warning"}],
 "inputs":
 [["Lib.Glue.Algebra:deps",
   [["deps",
     [["sgd_apollo_ablation/StochOptLib:extraDep",
       [["@sgd_apollo_ablation:extraDep", "00000000000006bb"]]],
      ["imports",
       [["Mathlib.Analysis.InnerProductSpace.Basic transitive imports (legacy)",
         "1b1fd5899bc67a2b"],
        ["Mathlib.Analysis.InnerProductSpace.Basic:importAllArts",
         "1bd1c6d38400c6a0"]]]]],
    ["libs",
     [["import dynlibs", "00000000000006bb"],
      ["package external libraries", "00000000000006bb"],
      ["module dynlibs", "00000000000006bb"],
      ["module plugins", "00000000000006bb"]]]]],
  ["Lean 4.28.0, commit 7e01a1bf5c70fc6167d49c345d3bf80596e9a79b",
   "a96bc04a2e5e9630"],
  ["/root/SGD/research/bench_projects/subgrad_baseline/Lib/Glue/Algebra.lean",
   "d41ead483ee6a520"],
  ["options", "00000000000006bb"],
  ["Module.leanArgs: #[]", "00000000000006bb"]],
 "depHash": "4cfe75aa484d8cd3"}