{"synthetic": false,
 "schemaVersion": "2025-09-10",
 "outputs":
 {"o": ["fec38d52fa891652.olean"],
  "i": "543d7a2eac52a372.ilean",
  "c": "897f315562e28dff.c"},
 "log":
 [{"message":
   ".> LEAN_PATH=/root/SGD/SGD_APOLLO/ablation/apollo_only/workspace/.lake/packages/Cli/.lake/build/lib/lean:/root/SGD/SGD_APOLLO/ablation/apollo_only/workspace/.lake/packages/batteries/.lake/build/lib/lean:/root/SGD/SGD_APOLLO/ablation/apollo_only/workspace/.lake/packages/Qq/.lake/build/lib/lean:/root/SGD/SGD_APOLLO/ablation/apollo_only/workspace/.lake/packages/aesop/.lake/build/lib/lean:/root/SGD/SGD_APOLLO/ablation/apollo_only/workspace/.lake/packages/proofwidgets/.lake/build/lib/lean:/root/SGD/SGD_APOLLO/ablation/apollo_only/workspace/.lake/packages/importGraph/.lake/build/lib/lean:/root/SGD/SGD_APOLLO/ablation/apollo_only/workspace/.lake/packages/LeanSearchClient/.lake/build/lib/lean:/root/SGD/SGD_APOLLO/ablation/apollo_only/workspace/.lake/packages/plausible/.lake/build/lib/lean:/root/SGD/SGD_APOLLO/ablation/apollo_only/workspace/.lake/packages/mathlib/.lake/build/lib/lean:/root/SGD/research/bench_projects/subgrad_hybrid/.lake/build/lib/lean /root/.elan/toolchains/leanprover--lean4---v4.28.0/bin/lean /root/SGD/research/bench_projects/subgrad_hybrid/Lib/Glue/Calculus.lean -o /root/SGD/research/bench_projects/subgrad_hybrid/.lake/build/lib/lean/Lib/Glue/Calculus.olean -i /root/SGD/research/bench_projects/subgrad_hybrid/.lake/build/lib/lean/Lib/Glue/Calculus.ilean -c /root/SGD/research/bench_projects/subgrad_hybrid/.lake/build/ir/Lib/Glue/Calculus.c --setup /root/SGD/research/bench_projects/subgrad_hybrid/.lake/build/ir/Lib/Glue/Calculus.setup.json --json",
   "level": "trace"},
  {"message": "Lib/Glue/Calculus.lean:100:11: Try this:\n  [apply] abel_nf",
   "level": "info"}],
 "inputs":
 [["Lib.Glue.Calculus:deps",
   [["deps",
     [["sgd_apollo_ablation/StochOptLib:extraDep",
       [["@sgd_apollo_ablation:extraDep", "00000000000006bb"]]],
      ["imports",
       [["Mathlib.Analysis.InnerProductSpace.Basic transitive imports (legacy)",
         "1b1fd5899bc67a2b"],
        ["Mathlib.Analysis.InnerProductSpace.Basic:importAllArts",
         "1bd1c6d38400c6a0"],
        ["Mathlib.Analysis.Calculus.Gradient.Basic transitive imports (legacy)",
         "bc0920aa2bf9fa90"],
        ["Mathlib.Analysis.Calculus.Gradient.Basic:importAllArts",
         "3905457a584aab07"],
        ["Mathlib.Analysis.Calculus.Deriv.Comp transitive imports (legacy)",
         "aafffe288c1aa9dd"],
        ["Mathlib.Analysis.Calculus.Deriv.Comp:importAllArts",
         "7ae0844f621b9fa5"],
        ["Mathlib.Analysis.Calculus.Deriv.AffineMap transitive imports (legacy)",
         "6c9f63a919ebbe30"],
        ["Mathlib.Analysis.Calculus.Deriv.AffineMap:importAllArts",
         "4715fd622ed7d76b"],
        ["Mathlib.Analysis.Calculus.Deriv.Mul transitive imports (legacy)",
         "a81b3243663c13f3"],
        ["Mathlib.Analysis.Calculus.Deriv.Mul:importAllArts",
         "4c475e40db69a2fe"],
        ["Mathlib.Analysis.Calculus.Deriv.Pow transitive imports (legacy)",
         "ebcc0ead64deedf2"],
        ["Mathlib.Analysis.Calculus.Deriv.Pow:importAllArts",
         "2da58f97658ccf8d"],
        ["Mathlib.MeasureTheory.Integral.IntervalIntegral.FundThmCalculus transitive imports (legacy)",
         "8292af64daf0ebba"],
        ["Mathlib.MeasureTheory.Integral.IntervalIntegral.FundThmCalculus:importAllArts",
         "bd0e31ce0b597abd"]]]]],
    ["libs",
     [["import dynlibs", "00000000000006bb"],
      ["package external libraries", "00000000000006bb"],
      ["module dynlibs", "00000000000006bb"],
      ["module plugins", "00000000000006bb"]]]]],
  ["Lean 4.28.0, commit 7e01a1bf5c70fc6167d49c345d3bf80596e9a79b",
   "a96bc04a2e5e9630"],
  ["/root/SGD/research/bench_projects/subgrad_hybrid/Lib/Glue/Calculus.lean",
   "396cdb797ef99250"],
  ["options", "00000000000006bb"],
  ["Module.leanArgs: #[]", "00000000000006bb"]],
 "depHash": "6d2cf85b979024e7"}