{"synthetic": false,
 "schemaVersion": "2025-09-10",
 "outputs":
 {"o": ["ec0ff36bc5bd6901.olean"],
  "i": "a95c4c5909a73fa3.ilean",
  "c": "bebaf0ee1a0b87ff.c"},
 "log":
 [{"message":
   ".> LEAN_PATH=/root/SGD/SGD_APOLLO/ablation/apollo_only/workspace/.lake/packages/Cli/.lake/build/lib/lean:/root/SGD/SGD_APOLLO/ablation/apollo_only/workspace/.lake/packages/batteries/.lake/build/lib/lean:/root/SGD/SGD_APOLLO/ablation/apollo_only/workspace/.lake/packages/Qq/.lake/build/lib/lean:/root/SGD/SGD_APOLLO/ablation/apollo_only/workspace/.lake/packages/aesop/.lake/build/lib/lean:/root/SGD/SGD_APOLLO/ablation/apollo_only/workspace/.lake/packages/proofwidgets/.lake/build/lib/lean:/root/SGD/SGD_APOLLO/ablation/apollo_only/workspace/.lake/packages/importGraph/.lake/build/lib/lean:/root/SGD/SGD_APOLLO/ablation/apollo_only/workspace/.lake/packages/LeanSearchClient/.lake/build/lib/lean:/root/SGD/SGD_APOLLO/ablation/apollo_only/workspace/.lake/packages/plausible/.lake/build/lib/lean:/root/SGD/SGD_APOLLO/ablation/apollo_only/workspace/.lake/packages/mathlib/.lake/build/lib/lean:/root/SGD/SGD_cli_migration/.lake/build/lib/lean /root/.elan/toolchains/leanprover--lean4---v4.28.0/bin/lean /root/SGD/SGD_cli_migration/Lib/Generated/BregmanThreePointIdentityBridge.lean -o /root/SGD/SGD_cli_migration/.lake/build/lib/lean/Lib/Generated/BregmanThreePointIdentityBridge.olean -i /root/SGD/SGD_cli_migration/.lake/build/lib/lean/Lib/Generated/BregmanThreePointIdentityBridge.ilean -c /root/SGD/SGD_cli_migration/.lake/build/ir/Lib/Generated/BregmanThreePointIdentityBridge.c --setup /root/SGD/SGD_cli_migration/.lake/build/ir/Lib/Generated/BregmanThreePointIdentityBridge.setup.json --json",
   "level": "trace"}],
 "inputs":
 [["Lib.Generated.BregmanThreePointIdentityBridge:deps",
   [["deps",
     [["sgd/StochOptLib:extraDep", [["@sgd:extraDep", "00000000000006bb"]]],
      ["imports",
       [["Main transitive imports (legacy)", "e3e0a8dbe62cb228"],
        ["Main:importAllArts", "363b0a15ea1dfef5"]]]]],
    ["libs",
     [["import dynlibs", "00000000000006bb"],
      ["package external libraries", "00000000000006bb"],
      ["module dynlibs", "00000000000006bb"],
      ["module plugins", "00000000000006bb"]]]]],
  ["Lean 4.28.0, commit 7e01a1bf5c70fc6167d49c345d3bf80596e9a79b",
   "a96bc04a2e5e9630"],
  ["/root/SGD/SGD_cli_migration/Lib/Generated/BregmanThreePointIdentityBridge.lean",
   "b0cfebf2d7e94dce"],
  ["options", "00000000000006bb"],
  ["Module.leanArgs: #[]", "00000000000006bb"]],
 "depHash": "6412e6381aa64f37"}