{"synthetic": false,
 "schemaVersion": "2025-09-10",
 "outputs":
 {"o": ["00991606dc049a7b.olean"],
  "i": "89e45f9ad7e74776.ilean",
  "c": "fef2acda6ee605bc.c"},
 "log":
 [{"message":
   ".> LEAN_PATH=/root/SGD/SGD_APOLLO/ablation/apollo_only/workspace/.lake/packages/Cli/.lake/build/lib/lean:/root/SGD/SGD_APOLLO/ablation/apollo_only/workspace/.lake/packages/batteries/.lake/build/lib/lean:/root/SGD/SGD_APOLLO/ablation/apollo_only/workspace/.lake/packages/Qq/.lake/build/lib/lean:/root/SGD/SGD_APOLLO/ablation/apollo_only/workspace/.lake/packages/aesop/.lake/build/lib/lean:/root/SGD/SGD_APOLLO/ablation/apollo_only/workspace/.lake/packages/proofwidgets/.lake/build/lib/lean:/root/SGD/SGD_APOLLO/ablation/apollo_only/workspace/.lake/packages/importGraph/.lake/build/lib/lean:/root/SGD/SGD_APOLLO/ablation/apollo_only/workspace/.lake/packages/LeanSearchClient/.lake/build/lib/lean:/root/SGD/SGD_APOLLO/ablation/apollo_only/workspace/.lake/packages/plausible/.lake/build/lib/lean:/root/SGD/SGD_APOLLO/ablation/apollo_only/workspace/.lake/packages/mathlib/.lake/build/lib/lean:/root/SGD/SGD_cli_migration/.lake/build/lib/lean /root/.elan/toolchains/leanprover--lean4---v4.28.0/bin/lean /root/SGD/SGD_cli_migration/Main.lean -o /root/SGD/SGD_cli_migration/.lake/build/lib/lean/Main.olean -i /root/SGD/SGD_cli_migration/.lake/build/lib/lean/Main.ilean -c /root/SGD/SGD_cli_migration/.lake/build/ir/Main.c --setup /root/SGD/SGD_cli_migration/.lake/build/ir/Main.setup.json --json",
   "level": "trace"}],
 "inputs":
 [["Main:deps",
   [["deps",
     [["sgd/Main:extraDep",
       [["@sgd:extraDep", "00000000000006bb"], ["<nil>", "00000000000006bb"]]],
      ["imports",
       [["Mathlib.Analysis.InnerProductSpace.Basic transitive imports (legacy)",
         "1b1fd5899bc67a2b"],
        ["Mathlib.Analysis.InnerProductSpace.Basic:importAllArts",
         "1bd1c6d38400c6a0"],
        ["Lib.Layer0.GradientFTC transitive imports (legacy)",
         "78b185972b88d5f3"],
        ["Lib.Layer0.GradientFTC:importAllArts", "05bbf62ea2a01a8c"],
        ["Mathlib.MeasureTheory.Integral.Bochner.Basic transitive imports (legacy)",
         "7e91de4c9ca2aac0"],
        ["Mathlib.MeasureTheory.Integral.Bochner.Basic:importAllArts",
         "88452cf8e652d5ce"],
        ["Mathlib.MeasureTheory.Function.L2Space transitive imports (legacy)",
         "750a2decd665bbbe"],
        ["Mathlib.MeasureTheory.Function.L2Space:importAllArts",
         "efec7779bab1e8de"],
        ["Mathlib.Probability.Martingale.Basic transitive imports (legacy)",
         "421787f0f2489a87"],
        ["Mathlib.Probability.Martingale.Basic:importAllArts",
         "f20929f762fb69d3"],
        ["Mathlib.Probability.Independence.Basic transitive imports (legacy)",
         "9e54503d995496a0"],
        ["Mathlib.Probability.Independence.Basic:importAllArts",
         "0b009d2fff59f02b"],
        ["Mathlib.Probability.IdentDistrib transitive imports (legacy)",
         "19ffb1a0ac43d1d6"],
        ["Mathlib.Probability.IdentDistrib:importAllArts", "507a6f7b95b690cf"],
        ["Mathlib.Probability.ConditionalExpectation transitive imports (legacy)",
         "446284643644b1c3"],
        ["Mathlib.Probability.ConditionalExpectation:importAllArts",
         "66347bc3273036bd"],
        ["Mathlib.Probability.Process.Adapted transitive imports (legacy)",
         "2c530faaac77e743"],
        ["Mathlib.Probability.Process.Adapted:importAllArts",
         "be40390a45111c12"],
        ["Mathlib.Topology.MetricSpace.Lipschitz transitive imports (legacy)",
         "902101952c3336aa"],
        ["Mathlib.Topology.MetricSpace.Lipschitz:importAllArts",
         "b19abe7cc25d5321"],
        ["Mathlib.Topology.MetricSpace.Basic transitive imports (legacy)",
         "528a605eabfe830e"],
        ["Mathlib.Topology.MetricSpace.Basic:importAllArts",
         "9558704fa929d9de"],
        ["Mathlib.Data.NNReal.Defs transitive imports (legacy)",
         "62c4b5e9be504bd6"],
        ["Mathlib.Data.NNReal.Defs:importAllArts", "8f29164a6023f0d0"],
        ["Mathlib.Analysis.Calculus.FDeriv.Basic transitive imports (legacy)",
         "ff109b5cf9c6bf92"],
        ["Mathlib.Analysis.Calculus.FDeriv.Basic:importAllArts",
         "6cecd600bc52f697"],
        ["Mathlib.Analysis.Calculus.Gradient.Basic transitive imports (legacy)",
         "bc0920aa2bf9fa90"],
        ["Mathlib.Analysis.Calculus.Gradient.Basic:importAllArts",
         "3905457a584aab07"],
        ["Mathlib.Analysis.Convex.Strong transitive imports (legacy)",
         "3271e7a3ad9cc7a4"],
        ["Mathlib.Analysis.Convex.Strong:importAllArts", "348a2e8897befeb1"],
        ["Mathlib.Algebra.BigOperators.Group.Finset.Basic transitive imports (legacy)",
         "350f21c71ab6d350"],
        ["Mathlib.Algebra.BigOperators.Group.Finset.Basic:importAllArts",
         "7f56a221d377805a"],
        ["Lib.Layer0.IndepExpect transitive imports (legacy)",
         "9d2db87a05007059"],
        ["Lib.Layer0.IndepExpect:importAllArts", "86babeb2f212bf9f"],
        ["Lib.Layer0.ConvexFOC transitive imports (legacy)",
         "70f2e63e30139790"],
        ["Lib.Layer0.ConvexFOC:importAllArts", "be223d7ae4b66bed"]]]]],
    ["libs",
     [["import dynlibs", "00000000000006bb"],
      ["package external libraries", "00000000000006bb"],
      ["module dynlibs", "00000000000006bb"],
      ["module plugins", "00000000000006bb"]]]]],
  ["Lean 4.28.0, commit 7e01a1bf5c70fc6167d49c345d3bf80596e9a79b",
   "a96bc04a2e5e9630"],
  ["/root/SGD/SGD_cli_migration/Main.lean", "5fad91062a0d92f5"],
  ["options", [["-DautoImplicit=false", "4a85acb881fd49d0"]]],
  ["Module.leanArgs: #[]", "00000000000006bb"]],
 "depHash": "03082875a20e8de8"}