{"synthetic": false,
 "schemaVersion": "2025-09-10",
 "outputs":
 {"o": ["370f33cf49707eb1.olean"],
  "i": "3396b53ef850a4ad.ilean",
  "c": "42d0029e1a99db3b.c"},
 "log":
 [{"message":
   ".> LEAN_PATH=/root/SGD/SGD_APOLLO/ablation/apollo_only/workspace/.lake/packages/Cli/.lake/build/lib/lean:/root/SGD/SGD_APOLLO/ablation/apollo_only/workspace/.lake/packages/batteries/.lake/build/lib/lean:/root/SGD/SGD_APOLLO/ablation/apollo_only/workspace/.lake/packages/Qq/.lake/build/lib/lean:/root/SGD/SGD_APOLLO/ablation/apollo_only/workspace/.lake/packages/aesop/.lake/build/lib/lean:/root/SGD/SGD_APOLLO/ablation/apollo_only/workspace/.lake/packages/proofwidgets/.lake/build/lib/lean:/root/SGD/SGD_APOLLO/ablation/apollo_only/workspace/.lake/packages/importGraph/.lake/build/lib/lean:/root/SGD/SGD_APOLLO/ablation/apollo_only/workspace/.lake/packages/LeanSearchClient/.lake/build/lib/lean:/root/SGD/SGD_APOLLO/ablation/apollo_only/workspace/.lake/packages/plausible/.lake/build/lib/lean:/root/SGD/SGD_APOLLO/ablation/apollo_only/workspace/.lake/packages/mathlib/.lake/build/lib/lean:/root/SGD/SGD_cli_migration/.lake/build/lib/lean /root/.elan/toolchains/leanprover--lean4---v4.28.0/bin/lean /root/SGD/SGD_cli_migration/Algorithms/NonconvexStochasticFirstOrder.lean -o /root/SGD/SGD_cli_migration/.lake/build/lib/lean/Algorithms/NonconvexStochasticFirstOrder.olean -i /root/SGD/SGD_cli_migration/.lake/build/lib/lean/Algorithms/NonconvexStochasticFirstOrder.ilean -c /root/SGD/SGD_cli_migration/.lake/build/ir/Algorithms/NonconvexStochasticFirstOrder.c --setup /root/SGD/SGD_cli_migration/.lake/build/ir/Algorithms/NonconvexStochasticFirstOrder.setup.json --json",
   "level": "trace"},
  {"message":
   "Algorithms/NonconvexStochasticFirstOrder.lean:180:8: declaration uses `sorry`",
   "level": "warning"},
  {"message":
   "Algorithms/NonconvexStochasticFirstOrder.lean:197:8: declaration uses `sorry`",
   "level": "warning"},
  {"message":
   "Algorithms/NonconvexStochasticFirstOrder.lean:212:8: declaration uses `sorry`",
   "level": "warning"},
  {"message":
   "Algorithms/NonconvexStochasticFirstOrder.lean:226:8: declaration uses `sorry`",
   "level": "warning"},
  {"message":
   "Algorithms/NonconvexStochasticFirstOrder.lean:264:8: declaration uses `sorry`",
   "level": "warning"},
  {"message":
   "Algorithms/NonconvexStochasticFirstOrder.lean:288:8: declaration uses `sorry`",
   "level": "warning"},
  {"message":
   "Algorithms/NonconvexStochasticFirstOrder.lean:325:8: declaration uses `sorry`",
   "level": "warning"}],
 "inputs":
 [["Algorithms.NonconvexStochasticFirstOrder:deps",
   [["deps",
     [["sgd/SGDAlgorithms:extraDep",
       [["@sgd:extraDep", "00000000000006bb"], ["<nil>", "00000000000006bb"]]],
      ["imports",
       [["Main transitive imports (legacy)", "e3e0a8dbe62cb228"],
        ["Main:importAllArts", "363b0a15ea1dfef5"]]]]],
    ["libs",
     [["import dynlibs", "00000000000006bb"],
      ["package external libraries", "00000000000006bb"],
      ["module dynlibs", "00000000000006bb"],
      ["module plugins", "00000000000006bb"]]]]],
  ["Lean 4.28.0, commit 7e01a1bf5c70fc6167d49c345d3bf80596e9a79b",
   "a96bc04a2e5e9630"],
  ["/root/SGD/SGD_cli_migration/Algorithms/NonconvexStochasticFirstOrder.lean",
   "4915d523b8ec00ca"],
  ["options", "00000000000006bb"],
  ["Module.leanArgs: #[]", "00000000000006bb"]],
 "depHash": "fe37d72ce7303749"}