{"synthetic": false,
 "schemaVersion": "2025-09-10",
 "outputs":
 {"o": ["477bea99e9c1e10a.olean"],
  "i": "5166d44d9a7d94aa.ilean",
  "c": "ef5f215a55c36f47.c"},
 "log":
 [{"message":
   ".> LEAN_PATH=/root/SGD/SGD_APOLLO/ablation/apollo_only/workspace/.lake/packages/Cli/.lake/build/lib/lean:/root/SGD/SGD_APOLLO/ablation/apollo_only/workspace/.lake/packages/batteries/.lake/build/lib/lean:/root/SGD/SGD_APOLLO/ablation/apollo_only/workspace/.lake/packages/Qq/.lake/build/lib/lean:/root/SGD/SGD_APOLLO/ablation/apollo_only/workspace/.lake/packages/aesop/.lake/build/lib/lean:/root/SGD/SGD_APOLLO/ablation/apollo_only/workspace/.lake/packages/proofwidgets/.lake/build/lib/lean:/root/SGD/SGD_APOLLO/ablation/apollo_only/workspace/.lake/packages/importGraph/.lake/build/lib/lean:/root/SGD/SGD_APOLLO/ablation/apollo_only/workspace/.lake/packages/LeanSearchClient/.lake/build/lib/lean:/root/SGD/SGD_APOLLO/ablation/apollo_only/workspace/.lake/packages/plausible/.lake/build/lib/lean:/root/SGD/SGD_APOLLO/ablation/apollo_only/workspace/.lake/packages/mathlib/.lake/build/lib/lean:/root/SGD/SGD_cli_migration/.lake/build/lib/lean /root/.elan/toolchains/leanprover--lean4---v4.28.0/bin/lean /root/SGD/SGD_cli_migration/Algorithms/SGD.lean -o /root/SGD/SGD_cli_migration/.lake/build/lib/lean/Algorithms/SGD.olean -i /root/SGD/SGD_cli_migration/.lake/build/lib/lean/Algorithms/SGD.ilean -c /root/SGD/SGD_cli_migration/.lake/build/ir/Algorithms/SGD.c --setup /root/SGD/SGD_cli_migration/.lake/build/ir/Algorithms/SGD.setup.json --json",
   "level": "trace"}],
 "inputs":
 [["Algorithms.SGD:deps",
   [["deps",
     [["sgd/SGDAlgorithms:extraDep",
       [["@sgd:extraDep", "00000000000006bb"], ["<nil>", "00000000000006bb"]]],
      ["imports",
       [["Main transitive imports (legacy)", "e3e0a8dbe62cb228"],
        ["Main:importAllArts", "363b0a15ea1dfef5"],
        ["Lib.Layer1.StochasticDescent transitive imports (legacy)",
         "d06ed7ba4fa6ba79"],
        ["Lib.Layer1.StochasticDescent:importAllArts", "43897a0defb7949f"]]]]],
    ["libs",
     [["import dynlibs", "00000000000006bb"],
      ["package external libraries", "00000000000006bb"],
      ["module dynlibs", "00000000000006bb"],
      ["module plugins", "00000000000006bb"]]]]],
  ["Lean 4.28.0, commit 7e01a1bf5c70fc6167d49c345d3bf80596e9a79b",
   "a96bc04a2e5e9630"],
  ["/root/SGD/SGD_cli_migration/Algorithms/SGD.lean", "aef69da88a10db81"],
  ["options", "00000000000006bb"],
  ["Module.leanArgs: #[]", "00000000000006bb"]],
 "depHash": "ee4b65dce2b763f3"}