{"synthetic": false,
 "schemaVersion": "2025-09-10",
 "outputs":
 {"o": ["5c177944de45b145.olean"],
  "i": "df0806c28da0591e.ilean",
  "c": "fce6ebcc49126c99.c"},
 "log":
 [{"message":
   ".> LEAN_PATH=/root/SGD/SGD_APOLLO/ablation/apollo_only/workspace/.lake/packages/Cli/.lake/build/lib/lean:/root/SGD/SGD_APOLLO/ablation/apollo_only/workspace/.lake/packages/batteries/.lake/build/lib/lean:/root/SGD/SGD_APOLLO/ablation/apollo_only/workspace/.lake/packages/Qq/.lake/build/lib/lean:/root/SGD/SGD_APOLLO/ablation/apollo_only/workspace/.lake/packages/aesop/.lake/build/lib/lean:/root/SGD/SGD_APOLLO/ablation/apollo_only/workspace/.lake/packages/proofwidgets/.lake/build/lib/lean:/root/SGD/SGD_APOLLO/ablation/apollo_only/workspace/.lake/packages/importGraph/.lake/build/lib/lean:/root/SGD/SGD_APOLLO/ablation/apollo_only/workspace/.lake/packages/LeanSearchClient/.lake/build/lib/lean:/root/SGD/SGD_APOLLO/ablation/apollo_only/workspace/.lake/packages/plausible/.lake/build/lib/lean:/root/SGD/SGD_APOLLO/ablation/apollo_only/workspace/.lake/packages/mathlib/.lake/build/lib/lean:/root/SGD/SGD_cli_migration/.lake/build/lib/lean /root/.elan/toolchains/leanprover--lean4---v4.28.0/bin/lean /root/SGD/SGD_cli_migration/Algorithms/StochasticMirrorDescent.lean -o /root/SGD/SGD_cli_migration/.lake/build/lib/lean/Algorithms/StochasticMirrorDescent.olean -i /root/SGD/SGD_cli_migration/.lake/build/lib/lean/Algorithms/StochasticMirrorDescent.ilean -c /root/SGD/SGD_cli_migration/.lake/build/ir/Algorithms/StochasticMirrorDescent.c --setup /root/SGD/SGD_cli_migration/.lake/build/ir/Algorithms/StochasticMirrorDescent.setup.json --json",
   "level": "trace"},
  {"message":
   "Algorithms/StochasticMirrorDescent.lean:45:8: declaration uses `sorry`",
   "level": "warning"},
  {"message":
   "Algorithms/StochasticMirrorDescent.lean:54:8: declaration uses `sorry`",
   "level": "warning"},
  {"message":
   "Algorithms/StochasticMirrorDescent.lean:62:8: declaration uses `sorry`",
   "level": "warning"},
  {"message":
   "Algorithms/StochasticMirrorDescent.lean:71:8: declaration uses `sorry`",
   "level": "warning"},
  {"message":
   "Algorithms/StochasticMirrorDescent.lean:84:8: declaration uses `sorry`",
   "level": "warning"},
  {"message":
   "Algorithms/StochasticMirrorDescent.lean:91:8: declaration uses `sorry`",
   "level": "warning"},
  {"message":
   "Algorithms/StochasticMirrorDescent.lean:105:8: declaration uses `sorry`",
   "level": "warning"},
  {"message":
   "Algorithms/StochasticMirrorDescent.lean:185:8: declaration uses `sorry`",
   "level": "warning"}],
 "inputs":
 [["Algorithms.StochasticMirrorDescent:deps",
   [["deps",
     [["sgd/SGDAlgorithms:extraDep",
       [["@sgd:extraDep", "00000000000006bb"], ["<nil>", "00000000000006bb"]]],
      ["imports",
       [["Mathlib.Analysis.InnerProductSpace.Basic transitive imports (legacy)",
         "1b1fd5899bc67a2b"],
        ["Mathlib.Analysis.InnerProductSpace.Basic:importAllArts",
         "1bd1c6d38400c6a0"],
        ["Mathlib.Analysis.Convex.Strong transitive imports (legacy)",
         "3271e7a3ad9cc7a4"],
        ["Mathlib.Analysis.Convex.Strong:importAllArts", "348a2e8897befeb1"],
        ["Mathlib.Analysis.Calculus.FDeriv.Basic transitive imports (legacy)",
         "ff109b5cf9c6bf92"],
        ["Mathlib.Analysis.Calculus.FDeriv.Basic:importAllArts",
         "6cecd600bc52f697"],
        ["Mathlib.Analysis.Calculus.Gradient.Basic transitive imports (legacy)",
         "bc0920aa2bf9fa90"],
        ["Mathlib.Analysis.Calculus.Gradient.Basic:importAllArts",
         "3905457a584aab07"],
        ["Mathlib.Algebra.BigOperators.Group.Finset.Basic transitive imports (legacy)",
         "350f21c71ab6d350"],
        ["Mathlib.Algebra.BigOperators.Group.Finset.Basic:importAllArts",
         "7f56a221d377805a"],
        ["Mathlib.MeasureTheory.Integral.Bochner.Basic transitive imports (legacy)",
         "7e91de4c9ca2aac0"],
        ["Mathlib.MeasureTheory.Integral.Bochner.Basic:importAllArts",
         "88452cf8e652d5ce"],
        ["Mathlib.Probability.ConditionalExpectation transitive imports (legacy)",
         "446284643644b1c3"],
        ["Mathlib.Probability.ConditionalExpectation:importAllArts",
         "66347bc3273036bd"],
        ["Mathlib.Probability.Process.Adapted transitive imports (legacy)",
         "2c530faaac77e743"],
        ["Mathlib.Probability.Process.Adapted:importAllArts",
         "be40390a45111c12"],
        ["Mathlib.Topology.MetricSpace.Basic transitive imports (legacy)",
         "528a605eabfe830e"],
        ["Mathlib.Topology.MetricSpace.Basic:importAllArts",
         "9558704fa929d9de"]]]]],
    ["libs",
     [["import dynlibs", "00000000000006bb"],
      ["package external libraries", "00000000000006bb"],
      ["module dynlibs", "00000000000006bb"],
      ["module plugins", "00000000000006bb"]]]]],
  ["Lean 4.28.0, commit 7e01a1bf5c70fc6167d49c345d3bf80596e9a79b",
   "a96bc04a2e5e9630"],
  ["/root/SGD/SGD_cli_migration/Algorithms/StochasticMirrorDescent.lean",
   "e0731c5968466cae"],
  ["options", "00000000000006bb"],
  ["Module.leanArgs: #[]", "00000000000006bb"]],
 "depHash": "08e16bbeb3f064b5"}